dance/build/outputs/logs/manifest-merger-debug-report.txt
-- Merging decision tree log ---
manifest
ADDED from src\main\AndroidManifest.xml:2:1-19:12
INJECTED from src\main\AndroidManifest.xml:2:1-19:12
INJECTED from src\main\AndroidManifest.xml:2:1-19:12
INJECTED from src\main\AndroidManifest.xml:2:1-19:12
INJECTED from src\main\AndroidManifest.xml:2:1-19:12
INJECTED from src\main\AndroidManifest.xml:2:1-19:12
INJECTED from src\main\AndroidManifest.xml:2:1-19:12
	package
		ADDED from src\main\AndroidManifest.xml:2:70-96
		INJECTED from src\main\AndroidManifest.xml
		INJECTED from src\main\AndroidManifest.xml
	android:versionName
		ADDED from src\main\AndroidManifest.xml:2:144-169
		INJECTED from src\main\AndroidManifest.xml
		INJECTED from src\main\AndroidManifest.xml
	xmlns:tools
		ADDED from src\main\AndroidManifest.xml:2:97-143
	xmlns:android
		ADDED from src\main\AndroidManifest.xml:2:11-69
	android:versionCode
		ADDED from src\main\AndroidManifest.xml:2:170-193
		INJECTED from src\main\AndroidManifest.xml
		INJECTED from src\main\AndroidManifest.xml
	android:installLocation
		ADDED from src\main\AndroidManifest.xml:2:194-234
supports-screens
ADDED from src\main\AndroidManifest.xml:3:3-163
	android:largeScreens
		ADDED from src\main\AndroidManifest.xml:3:78-105
	android:smallScreens
		ADDED from src\main\AndroidManifest.xml:3:21-48
	android:normalScreens
		ADDED from src\main\AndroidManifest.xml:3:49-77
	android:xlargeScreens
		ADDED from src\main\AndroidManifest.xml:3:106-134
	android:anyDensity
		ADDED from src\main\AndroidManifest.xml:3:135-160
application
ADDED from src\main\AndroidManifest.xml:4:3-13:17
	android:label
		ADDED from src\main\AndroidManifest.xml:4:17-49
	android:banner
		ADDED from src\main\AndroidManifest.xml:4:73-110
	android:isGame
		ADDED from src\main\AndroidManifest.xml:4:51-72
activity#cn.edu.nuc.dance.UnityPlayerActivity
ADDED from src\main\AndroidManifest.xml:5:5-12:16
	android:screenOrientation
		ADDED from src\main\AndroidManifest.xml:5:48-85
	android:label
		ADDED from src\main\AndroidManifest.xml:5:15-47
	android:launchMode
		ADDED from src\main\AndroidManifest.xml:5:86-117
	android:configChanges
		ADDED from src\main\AndroidManifest.xml:5:118-291
	android:name
		ADDED from src\main\AndroidManifest.xml:5:292-343
intent-filter#android.intent.category.LEANBACK_LAUNCHER
ADDED from src\main\AndroidManifest.xml:6:7-10:23
category#android.intent.category.LEANBACK_LAUNCHER
ADDED from src\main\AndroidManifest.xml:9:9-78
	android:name
		ADDED from src\main\AndroidManifest.xml:9:19-75
meta-data#unityplayer.UnityActivity
ADDED from src\main\AndroidManifest.xml:11:7-82
	android:value
		ADDED from src\main\AndroidManifest.xml:11:59-79
	android:name
		ADDED from src\main\AndroidManifest.xml:11:18-58
uses-sdk
ADDED from src\main\AndroidManifest.xml:14:3-72
INJECTED from src\main\AndroidManifest.xml:14:3-72
INJECTED from src\main\AndroidManifest.xml:14:3-72
INJECTED from src\main\AndroidManifest.xml:14:3-72
INJECTED from src\main\AndroidManifest.xml:14:3-72
	android:targetSdkVersion
		ADDED from src\main\AndroidManifest.xml:14:40-69
		INJECTED from src\main\AndroidManifest.xml
		INJECTED from src\main\AndroidManifest.xml
	android:minSdkVersion
		ADDED from src\main\AndroidManifest.xml:14:13-39
		INJECTED from src\main\AndroidManifest.xml
		INJECTED from src\main\AndroidManifest.xml
uses-feature#0x00030000
ADDED from src\main\AndroidManifest.xml:15:3-52
	android:glEsVersion
		ADDED from src\main\AndroidManifest.xml:15:17-49
uses-feature#android.hardware.touchscreen
ADDED from src\main\AndroidManifest.xml:16:3-88
	android:required
		ADDED from src\main\AndroidManifest.xml:16:61-85
	android:name
		ADDED from src\main\AndroidManifest.xml:16:17-60
uses-feature#android.hardware.touchscreen.multitouch
ADDED from src\main\AndroidManifest.xml:17:3-99
	android:required
		ADDED from src\main\AndroidManifest.xml:17:72-96
	android:name
		ADDED from src\main\AndroidManifest.xml:17:17-71
uses-feature#android.hardware.touchscreen.multitouch.distinct
ADDED from src\main\AndroidManifest.xml:18:3-108
	android:required
		ADDED from src\main\AndroidManifest.xml:18:81-105
	android:name
		ADDED from src\main\AndroidManifest.xml:18:17-80